<?xml version="1.0" encoding="UTF-8"?>
<!-- Generated by org.testng.reporters.JUnitXMLReporter -->
<testsuite ignored="2" hostname="Girish" failures="0" tests="1" name="Default test" time="16.067" errors="0" timestamp="2025-09-17T16:26:01 IST">
  <testcase classname="com.cast.crm.orgtest.CreateOrganizationTest" name="createOrgTest" time="10.885"/>
  <testcase classname="com.cast.crm.orgtest.CreateOrganizationTest" name="createOrganizationWithPhoneNumber" time="0.0">
    <ignored/>
  </testcase> <!-- createOrganizationWithPhoneNumber -->
  <testcase classname="com.cast.crm.orgtest.CreateOrganizationTest" name="createOrganizationWithIndustryType" time="0.0">
    <ignored/>
  </testcase> <!-- createOrganizationWithIndustryType -->
</testsuite> <!-- Default test -->
