<?xml version="1.0" encoding="UTF-8"?>
<!-- Generated by org.testng.reporters.JUnitXMLReporter -->
<testsuite ignored="0" hostname="Girish" failures="0" tests="3" name="Test2" time="48.56" errors="0" timestamp="2025-09-13T14:55:50 IST">
  <testcase classname="com.cast.crm.orgtest.CreateOrganizationTest" name="createOrgTest" time="9.501"/>
  <testcase classname="com.cast.crm.orgtest.CreateOrganizationTest" name="createOrganizationWithIndustryType" time="12.407"/>
  <testcase classname="com.cast.crm.orgtest.CreateOrganizationTest" name="createOrganizationWithPhoneNumber" time="12.309"/>
</testsuite> <!-- Test2 -->
