<?xml version="1.0" encoding="UTF-8"?>
<!-- Generated by org.testng.reporters.JUnitXMLReporter -->
<testsuite ignored="0" hostname="Girish" failures="0" tests="3" name="Test" time="54.468" errors="0" timestamp="2025-09-13T14:55:56 IST">
  <testcase classname="com.cast.crm.contacttest.CreateContactTest" name="createContactTest" time="12.81"/>
  <testcase classname="com.cast.crm.contacttest.CreateContactTest" name="createContactTestWithDate" time="12.313"/>
  <testcase classname="com.cast.crm.contacttest.CreateContactTest" name="createContactTestWithOrg" time="19.594"/>
</testsuite> <!-- Test -->
