<?xml version="1.0" encoding="UTF-8"?>
<testng-results ignored="2" total="3" passed="1" failed="0" skipped="0">
  <reporter-output>
  </reporter-output>
  <suite started-at="2025-09-17T16:25:45 IST" name="Default suite" finished-at="2025-09-17T16:26:01 IST" duration-ms="16067">
    <groups>
      <group name="smokeTest">
        <method signature="CreateOrganizationTest.createOrgTest()[pri:0, instance:com.cast.crm.orgtest.CreateOrganizationTest@76c3e77a]" name="createOrgTest" class="com.cast.crm.orgtest.CreateOrganizationTest"/>
      </group> <!-- smokeTest -->
    </groups>
    <test started-at="2025-09-17T16:25:45 IST" name="Default test" finished-at="2025-09-17T16:26:01 IST" duration-ms="16067">
      <class name="com.cast.crm.orgtest.CreateOrganizationTest">
        <test-method is-config="true" signature="configBS()[pri:0, instance:com.cast.crm.orgtest.CreateOrganizationTest@76c3e77a]" started-at="2025-09-17T16:25:44 IST" name="configBS" finished-at="2025-09-17T16:25:45 IST" duration-ms="343" status="PASS">
          <reporter-output>
          </reporter-output>
        </test-method> <!-- configBS -->
        <test-method is-config="true" signature="configBC()[pri:0, instance:com.cast.crm.orgtest.CreateOrganizationTest@76c3e77a]" started-at="2025-09-17T16:25:45 IST" name="configBC" finished-at="2025-09-17T16:25:47 IST" duration-ms="2397" status="PASS">
          <reporter-output>
          </reporter-output>
        </test-method> <!-- configBC -->
        <test-method is-config="true" signature="configBM()[pri:0, instance:com.cast.crm.orgtest.CreateOrganizationTest@76c3e77a]" started-at="2025-09-17T16:25:47 IST" name="configBM" finished-at="2025-09-17T16:25:48 IST" duration-ms="1178" status="PASS">
          <reporter-output>
          </reporter-output>
        </test-method> <!-- configBM -->
        <test-method signature="createOrgTest()[pri:0, instance:com.cast.crm.orgtest.CreateOrganizationTest@76c3e77a]" started-at="2025-09-17T16:25:48 IST" name="createOrgTest" finished-at="2025-09-17T16:25:59 IST" duration-ms="10885" status="PASS">
          <reporter-output>
          </reporter-output>
        </test-method> <!-- createOrgTest -->
        <test-method is-config="true" signature="configAM()[pri:0, instance:com.cast.crm.orgtest.CreateOrganizationTest@76c3e77a]" started-at="2025-09-17T16:25:59 IST" name="configAM" finished-at="2025-09-17T16:26:01 IST" duration-ms="1246" status="PASS">
          <reporter-output>
          </reporter-output>
        </test-method> <!-- configAM -->
        <test-method is-config="true" signature="configAC()[pri:0, instance:com.cast.crm.orgtest.CreateOrganizationTest@76c3e77a]" started-at="2025-09-17T16:26:01 IST" name="configAC" finished-at="2025-09-17T16:26:01 IST" duration-ms="324" status="PASS">
          <reporter-output>
          </reporter-output>
        </test-method> <!-- configAC -->
        <test-method is-config="true" signature="configAS()[pri:0, instance:com.cast.crm.orgtest.CreateOrganizationTest@76c3e77a]" started-at="2025-09-17T16:26:01 IST" name="configAS" finished-at="2025-09-17T16:26:01 IST" duration-ms="16" status="PASS">
          <reporter-output>
          </reporter-output>
        </test-method> <!-- configAS -->
      </class> <!-- com.cast.crm.orgtest.CreateOrganizationTest -->
    </test> <!-- Default test -->
  </suite> <!-- Default suite -->
</testng-results>
